geometric-interpolate called with the following command line:
/home/heejune/miniconda3/envs/tricflow/bin/geometric-interpolate optimized_endpoints.xyz --prefix interpolate --nframes 11

                                        [91m())))))))))))))))/[0m                     
                                    [91m())))))))))))))))))))))))),[0m                
                                [91m*)))))))))))))))))))))))))))))))))[0m             
                        [94m#,[0m    [91m()))))))))/[0m                [91m.)))))))))),[0m          
                      [94m#%%%%,[0m  [91m())))))[0m                        [91m.))))))))*[0m        
                      [94m*%%%%%%,[0m  [91m))[0m              [93m..[0m              [91m,))))))).[0m      
                        [94m*%%%%%%,[0m         [93m***************/.[0m        [91m.)))))))[0m     
                [94m#%%/[0m      [94m(%%%%%%,[0m    [93m/*********************.[0m       [91m)))))))[0m    
              [94m.%%%%%%#[0m      [94m*%%%%%%,[0m  [93m*******/,[0m     [93m**********,[0m      [91m.))))))[0m   
                [94m.%%%%%%/[0m      [94m*%%%%%%,[0m  [93m**[0m              [93m********[0m      [91m.))))))[0m  
          [94m##[0m      [94m.%%%%%%/[0m      [94m(%%%%%%,[0m                  [93m,******[0m      [91m/)))))[0m  
        [94m%%%%%%[0m      [94m.%%%%%%#[0m      [94m*%%%%%%,[0m    [92m,/////.[0m       [93m******[0m      [91m))))))[0m 
      [94m#%[0m      [94m%%[0m      [94m.%%%%%%/[0m      [94m*%%%%%%,[0m  [92m////////,[0m      [93m*****/[0m     [91m,)))))[0m 
    [94m#%%[0m  [94m%%%[0m  [94m%%%#[0m      [94m.%%%%%%/[0m      [94m(%%%%%%,[0m  [92m///////.[0m     [93m/*****[0m      [91m))))).[0m
  [94m#%%%%.[0m      [94m%%%%%#[0m      [94m/%%%%%%*[0m      [94m#%%%%%%[0m   [92m/////)[0m     [93m******[0m      [91m))))),[0m
    [94m#%%%%##%[0m  [94m%%%#[0m      [94m.%%%%%%/[0m      [94m(%%%%%%,[0m  [92m///////.[0m     [93m/*****[0m      [91m))))).[0m
      [94m##[0m     [94m%%%[0m      [94m.%%%%%%/[0m      [94m*%%%%%%,[0m  [92m////////.[0m      [93m*****/[0m     [91m,)))))[0m 
        [94m#%%%%#[0m      [94m/%%%%%%/[0m      [94m(%%%%%%[0m      [92m/)/)//[0m       [93m******[0m      [91m))))))[0m 
          [94m##[0m      [94m.%%%%%%/[0m      [94m(%%%%%%,[0m                  [93m*******[0m      [91m))))))[0m  
                [94m.%%%%%%/[0m      [94m*%%%%%%,[0m  [93m**.[0m             [93m/*******[0m      [91m.))))))[0m  
              [94m*%%%%%%/[0m      [94m(%%%%%%[0m   [93m********/*..,*/*********[0m       [91m*))))))[0m   
                [94m#%%/[0m      [94m(%%%%%%,[0m    [93m*********************/[0m        [91m)))))))[0m    
                        [94m*%%%%%%,[0m         [93m,**************/[0m         [91m,))))))/[0m     
                      [94m(%%%%%%[0m   [91m()[0m                              [91m))))))))[0m       
                      [94m#%%%%,[0m  [91m())))))[0m                        [91m,)))))))),[0m        
                        [94m#,[0m    [91m())))))))))[0m                [91m,)))))))))).[0m          
                                 [91m()))))))))))))))))))))))))))))))/[0m             
                                    [91m())))))))))))))))))))))))).[0m                
                                         [91m())))))))))))))),[0m                     

-=# [1;94m geomeTRIC started. Version: 1.1.1+28.g910ad6c.dirty [0m #=-
Current date and time: 2026-06-10 19:02:58
Backed up existing log file: interpolate.log -> interpolate_1.log
Found these transfers: []
Initial pathway generation using method 0 success; dq_ratio = 2.784 endpt_err = 0.000
Initial pathway generation using method 1 success; dq_ratio = 7.347 endpt_err = 0.000
Initial pathway generation using method 2 success; dq_ratio = 2.784 endpt_err = 0.000
Initial pathway generation using method 3 success; dq_ratio = 3.313 endpt_err = 0.000
Initial pathway generation using method 4 success; dq_ratio = 3.230 endpt_err = 0.000
Initial pathway generation using method 5 success; dq_ratio = 6.734 endpt_err = 0.000
Initial pathway generation using method 6 success; dq_ratio = 4.403 endpt_err = 0.000
Initial pathway generation using method 7 success; dq_ratio = 8.239 endpt_err = 0.000
Keeping the result from method 0
Building internal coordinates and determining segments:
IC diagnostic map
 x:  0 1 2 3 4 5 6 7 8 910
IC 0 [94m0[0m [94m0[0m [94m0[0m [94m0[0m [94m0[0m [92m1[0m [92m1[0m [91m2[0m [91m2[0m [91m3[0m [91m3[0m IC 0 
IC 1 [94m0[0m [94m0[0m [94m0[0m [94m0[0m [94m0[0m [92m1[0m [92m1[0m [91m2[0m [91m2[0m [91m3[0m [91m3[0m IC 1 
IC 2 [94m0[0m [94m0[0m [94m0[0m [94m0[0m [94m0[0m [92m1[0m [92m1[0m [91m2[0m [91m2[0m [91m3[0m [91m3[0m IC 2 
IC 3 [91m3[0m [91m2[0m [91m2[0m [92m1[0m [94m0[0m [94m0[0m [94m0[0m [94m0[0m [94m0[0m [94m0[0m [94m0[0m IC 3 
IC 4 [91m3[0m [91m2[0m [91m2[0m [92m1[0m [94m0[0m [94m0[0m [94m0[0m [94m0[0m [94m0[0m [94m0[0m [94m0[0m IC 4 
IC 5 [91m3[0m [91m2[0m [91m2[0m [92m1[0m [94m0[0m [94m0[0m [94m0[0m [94m0[0m [94m0[0m [94m0[0m [94m0[0m IC 5 
IC 6 [91m3[0m [91m2[0m [91m2[0m [92m1[0m [94m0[0m [94m0[0m [94m0[0m [94m0[0m [94m0[0m [94m0[0m [94m0[0m IC 6 
IC 7 [91m3[0m [91m2[0m [91m2[0m [92m1[0m [94m0[0m [94m0[0m [94m0[0m [94m0[0m [94m0[0m [94m0[0m [94m0[0m IC 7 
IC 8 [91m3[0m [91m2[0m [91m2[0m [92m1[0m [94m0[0m [94m0[0m [94m0[0m [94m0[0m [94m0[0m [94m0[0m [94m0[0m IC 8 
IC 9 [91m3[0m [91m2[0m [91m2[0m [92m1[0m [94m0[0m [94m0[0m [94m0[0m [94m0[0m [94m0[0m [94m0[0m [94m0[0m IC 9 
IC10 [91m3[0m [91m2[0m [91m2[0m [92m1[0m [94m0[0m [94m0[0m [94m0[0m [94m0[0m [94m0[0m [94m0[0m [94m0[0m IC10 
 x:  0 1 2 3 4 5 6 7 8 910
Allowed driving regions
 x:  0 1 2 3 4 5 6 7 8 910
IC 0 [92m1[0m [92m1[0m [92m1[0m [92m1[0m [92m1[0m [92m1[0m [92m1[0m [91m0[0m [91m0[0m [91m0[0m [91m0[0m IC 0 
IC 1 [92m1[0m [92m1[0m [92m1[0m [92m1[0m [92m1[0m [92m1[0m [92m1[0m [91m0[0m [91m0[0m [91m0[0m [91m0[0m IC 1 
IC 2 [92m1[0m [92m1[0m [92m1[0m [92m1[0m [92m1[0m [92m1[0m [92m1[0m [91m0[0m [91m0[0m [91m0[0m [91m0[0m IC 2 
IC 3 [91m0[0m [91m0[0m [91m0[0m [92m1[0m [92m1[0m [92m1[0m [92m1[0m [92m1[0m [92m1[0m [92m1[0m [92m1[0m IC 3 
IC 4 [91m0[0m [91m0[0m [91m0[0m [92m1[0m [92m1[0m [92m1[0m [92m1[0m [92m1[0m [92m1[0m [92m1[0m [92m1[0m IC 4 
IC 5 [91m0[0m [91m0[0m [91m0[0m [92m1[0m [92m1[0m [92m1[0m [92m1[0m [92m1[0m [92m1[0m [92m1[0m [92m1[0m IC 5 
IC 6 [91m0[0m [91m0[0m [91m0[0m [92m1[0m [92m1[0m [92m1[0m [92m1[0m [92m1[0m [92m1[0m [92m1[0m [92m1[0m IC 6 
IC 7 [91m0[0m [91m0[0m [91m0[0m [92m1[0m [92m1[0m [92m1[0m [92m1[0m [92m1[0m [92m1[0m [92m1[0m [92m1[0m IC 7 
IC 8 [91m0[0m [91m0[0m [91m0[0m [92m1[0m [92m1[0m [92m1[0m [92m1[0m [92m1[0m [92m1[0m [92m1[0m [92m1[0m IC 8 
IC 9 [91m0[0m [91m0[0m [91m0[0m [92m1[0m [92m1[0m [92m1[0m [92m1[0m [92m1[0m [92m1[0m [92m1[0m [92m1[0m IC 9 
IC10 [91m0[0m [91m0[0m [91m0[0m [92m1[0m [92m1[0m [92m1[0m [92m1[0m [92m1[0m [92m1[0m [92m1[0m [92m1[0m IC10 
 x:  0 1 2 3 4 5 6 7 8 910
Chose these segments (car size 1):
[(0, 5), (6, 10)]
The frame numbers of the spliced segments are:
[(0, 6), (5, 10)]
Determining which IC to use in each segment:
=== Now working on segment (0, 5) ===
(0, 5): adding the IC from frame 0; diagnostic = 1, Gcond_max = 7.86300e+02
=== Now working on segment (6, 10) ===
(6, 10): adding the IC from frame 10; diagnostic = 0, Gcond_max = 5.99902e+02
(6, 10): adding the IC from frame 8; diagnostic = 0, Gcond_max = 7.12619e+02
Frames  0- 6 error in final interpolated vs. product structure: 1.058e-08 (candidate 0 attempt 0)
Frames  5-10 error in final interpolated vs. product structure: 2.893e-08 (candidate 0 attempt 0)
Segment 0-1 splice mismatches: 3.313e-02 9.212e-02
>> Current best result (mismatch=9.212e-02) saved to interpolated_splice.xyz
Frames  0- 6 error in final interpolated vs. product structure: 5.738e-09 (candidate 0 attempt 0)
Frames  5-10 error in final interpolated vs. product structure: 2.334e-08 (candidate 0 attempt 0)
Segment 0-1 splice mismatches: 7.639e-02 2.687e-02
>> Current best result (mismatch=7.639e-02) saved to interpolated_splice.xyz
Frames  0- 6 error in final interpolated vs. product structure: 6.720e-09 (candidate 0 attempt 0)
Frames  5-10 error in final interpolated vs. product structure: 3.163e-08 (candidate 0 attempt 0)
Segment 0-1 splice mismatches: 2.232e-02 6.118e-02
>> Current best result (mismatch=6.118e-02) saved to interpolated_splice.xyz
Frames  0- 6 error in final interpolated vs. product structure: 4.402e-09 (candidate 0 attempt 0)
Frames  5-10 error in final interpolated vs. product structure: 2.764e-08 (candidate 0 attempt 0)
Segment 0-1 splice mismatches: 5.082e-02 1.804e-02
>> Current best result (mismatch=5.082e-02) saved to interpolated_splice.xyz
Frames  0- 6 error in final interpolated vs. product structure: 4.921e-09 (candidate 0 attempt 0)
Frames  5-10 error in final interpolated vs. product structure: 3.414e-08 (candidate 0 attempt 0)
Segment 0-1 splice mismatches: 1.500e-02 4.059e-02
>> Current best result (mismatch=4.059e-02) saved to interpolated_splice.xyz
Frames  0- 6 error in final interpolated vs. product structure: 3.691e-09 (candidate 0 attempt 0)
Frames  5-10 error in final interpolated vs. product structure: 3.135e-08 (candidate 0 attempt 0)
Segment 0-1 splice mismatches: 3.378e-02 1.209e-02
>> Current best result (mismatch=3.378e-02) saved to interpolated_splice.xyz
Frames  0- 6 error in final interpolated vs. product structure: 3.987e-09 (candidate 0 attempt 0)
Frames  5-10 error in final interpolated vs. product structure: 3.597e-08 (candidate 0 attempt 0)
Segment 0-1 splice mismatches: 1.006e-02 2.723e-02
>> Current best result (mismatch=2.723e-02) saved to interpolated_splice.xyz
Frames  0- 6 error in final interpolated vs. product structure: 3.286e-09 (candidate 0 attempt 0)
Frames  5-10 error in final interpolated vs. product structure: 3.407e-08 (candidate 0 attempt 0)
Segment 0-1 splice mismatches: 2.244e-02 8.090e-03
>> Current best result (mismatch=2.244e-02) saved to interpolated_splice.xyz
Frames  0- 6 error in final interpolated vs. product structure: 3.464e-09 (candidate 0 attempt 0)
Frames  5-10 error in final interpolated vs. product structure: 3.726e-08 (candidate 0 attempt 0)
Segment 0-1 splice mismatches: 6.737e-03 1.850e-02
>> Current best result (mismatch=1.850e-02) saved to interpolated_splice.xyz
Frames  0- 6 error in final interpolated vs. product structure: 3.043e-09 (candidate 0 attempt 0)
Frames  5-10 error in final interpolated vs. product structure: 3.598e-08 (candidate 0 attempt 0)
Segment 0-1 splice mismatches: 1.525e-02 5.404e-03
>> Current best result (mismatch=1.525e-02) saved to interpolated_splice.xyz
Frames  0- 6 error in final interpolated vs. product structure: 3.154e-09 (candidate 0 attempt 0)
Frames  5-10 error in final interpolated vs. product structure: 3.814e-08 (candidate 0 attempt 0)
Segment 0-1 splice mismatches: 4.504e-03 1.257e-02
>> Current best result (mismatch=1.257e-02) saved to interpolated_splice.xyz
Frames  0- 6 error in final interpolated vs. product structure: 2.894e-09 (candidate 0 attempt 0)
Frames  5-10 error in final interpolated vs. product structure: 3.729e-08 (candidate 0 attempt 0)
Segment 0-1 splice mismatches: 1.037e-02 3.606e-03
>> Current best result (mismatch=1.037e-02) saved to interpolated_splice.xyz
Frames  0- 6 error in final interpolated vs. product structure: 2.964e-09 (candidate 0 attempt 0)
Frames  5-10 error in final interpolated vs. product structure: 3.872e-08 (candidate 0 attempt 0)
Segment 0-1 splice mismatches: 3.008e-03 8.541e-03
>> Current best result (mismatch=8.541e-03) saved to interpolated_splice.xyz
Frames  0- 6 error in final interpolated vs. product structure: 2.799e-09 (candidate 0 attempt 0)
Frames  5-10 error in final interpolated vs. product structure: 3.817e-08 (candidate 0 attempt 0)
Segment 0-1 splice mismatches: 7.088e-03 2.424e-03
>> Current best result (mismatch=7.088e-03) saved to interpolated_splice.xyz
Frames  0- 6 error in final interpolated vs. product structure: 2.845e-09 (candidate 0 attempt 0)
Frames  5-10 error in final interpolated vs. product structure: 3.911e-08 (candidate 0 attempt 0)
Segment 0-1 splice mismatches: 2.006e-03 5.802e-03
>> Current best result (mismatch=5.802e-03) saved to interpolated_splice.xyz
Frames  0- 6 error in final interpolated vs. product structure: 2.739e-09 (candidate 0 attempt 0)
Frames  5-10 error in final interpolated vs. product structure: 3.875e-08 (candidate 0 attempt 0)
Segment 0-1 splice mismatches: 4.841e-03 1.652e-03
>> Current best result (mismatch=4.841e-03) saved to interpolated_splice.xyz
Frames  0- 6 error in final interpolated vs. product structure: 2.769e-09 (candidate 0 attempt 0)
Frames  5-10 error in final interpolated vs. product structure: 3.935e-08 (candidate 0 attempt 0)
Segment 0-1 splice mismatches: 1.360e-03 3.939e-03
>> Current best result (mismatch=3.939e-03) saved to interpolated_splice.xyz
Frames  0- 6 error in final interpolated vs. product structure: 2.700e-09 (candidate 0 attempt 0)
Frames  5-10 error in final interpolated vs. product structure: 3.912e-08 (candidate 0 attempt 0)
Segment 0-1 splice mismatches: 3.302e-03 1.126e-03
>> Current best result (mismatch=3.302e-03) saved to interpolated_splice.xyz
Frames  0- 6 error in final interpolated vs. product structure: 2.720e-09 (candidate 0 attempt 0)
Frames  5-10 error in final interpolated vs. product structure: 3.951e-08 (candidate 0 attempt 0)
Segment 0-1 splice mismatches: 9.280e-04 2.673e-03
>> Current best result (mismatch=2.673e-03) saved to interpolated_splice.xyz
Frames  0- 6 error in final interpolated vs. product structure: 2.675e-09 (candidate 0 attempt 0)
Frames  5-10 error in final interpolated vs. product structure: 3.936e-08 (candidate 0 attempt 0)
Segment 0-1 splice mismatches: 2.249e-03 7.676e-04
>> Current best result (mismatch=2.249e-03) saved to interpolated_splice.xyz
Frames  0- 6 error in final interpolated vs. product structure: 2.688e-09 (candidate 0 attempt 0)
Frames  5-10 error in final interpolated vs. product structure: 3.961e-08 (candidate 0 attempt 0)
Segment 0-1 splice mismatches: 6.332e-04 1.812e-03
>> Current best result (mismatch=1.812e-03) saved to interpolated_splice.xyz
Frames  0- 6 error in final interpolated vs. product structure: 2.658e-09 (candidate 0 attempt 0)
Frames  5-10 error in final interpolated vs. product structure: 3.951e-08 (candidate 0 attempt 0)
Segment 0-1 splice mismatches: 1.530e-03 5.233e-04
>> Current best result (mismatch=1.530e-03) saved to interpolated_splice.xyz
Converged!

    #==========================================================================#
    #| If this code has benefited your research, please support us by citing: |#
    #|                                                                        |#
    #| Wang, L.-P.; Song, C.C. (2016) "Geometry optimization made simple with |#
    #| translation and rotation coordinates", J. Chem, Phys. 144, 214108.     |#
    #| http://dx.doi.org/10.1063/1.4952956                                    |#
    #==========================================================================#
    Time elapsed since start of interpolation: 21.017 seconds
